Arguments: 
  /Users/kevinle/.nvm/versions/node/v15.6.0/bin/node /usr/local/Cellar/yarn/1.22.10/libexec/bin/yarn.js add express

PATH: 
  /Users/kevinle/Downloads/softMac/google-cloud-sdk/bin:/Users/kevinle/.zplug/repos/zplug/zplug/bin:/Users/kevinle/.zplug/bin:/Users/kevinle/.nvm/versions/node/v15.6.0/bin:/usr/local/lib/ruby/gems/3.0.0/bin:/Users/kevinle/.rbenv/bin:/usr/local/opt/ruby/bin:/usr/local/opt/php@7.4/bin:/Library/Frameworks/Python.framework/Versions/3.6/bin:/usr/local/bin:/usr/bin:/bin:/usr/sbin:/sbin:/Library/TeX/texbin:/usr/local/share/dotnet:/opt/X11/bin:/Library/Apple/usr/bin:/Library/Frameworks/Mono.framework/Versions/Current/Commands:/Applications/Xamarin Workbooks.app/Contents/SharedSupport/path-bin:/Users/kevinle/Downloads/softMac/google-cloud-sdk/bin

Yarn version: 
  1.22.10

Node version: 
  15.6.0

Platform: 
  darwin x64

Trace: 
  SyntaxError: /Users/kevinle/Documents/GitHub/offer1-interview-project/server/package.json: Unexpected end of JSON input
      at JSON.parse (<anonymous>)
      at /usr/local/Cellar/yarn/1.22.10/libexec/lib/cli.js:1625:59
      at Generator.next (<anonymous>)
      at step (/usr/local/Cellar/yarn/1.22.10/libexec/lib/cli.js:310:30)
      at /usr/local/Cellar/yarn/1.22.10/libexec/lib/cli.js:321:13

npm manifest: 
  

yarn manifest: 
  No manifest

Lockfile: 
  No lockfile
